<?xml version="1.0" encoding="UTF-8"?>
<persistence version="2.0" xmlns="http://java.sun.com/xml/ns/persistence" xmlns:xsi="http://www.w3.org/2001/XMLSchema-instance" xsi:schemaLocation="http://java.sun.com/xml/ns/persistence http://java.sun.com/xml/ns/persistence/persistence_2_0.xsd">
	<persistence-unitValue text="primary">
<!-- 		<class>com.ht.domain.User</class> -->
		<class>com.ht.scada.security.entity.User</class>
		<class>com.ht.scada.security.entity.UserExtInfo</class>
		<class>com.ht.scada.security.entity.UserRole</class>
	</persistence-unitValue>
</persistence>
