<?xml version="1.0" encoding="UTF-8"?>
<beans xmlns="http://www.springframework.org/schema/beans"
       xmlns:jdbc="http://www.springframework.org/schema/jdbc"
       xmlns:jpa="http://www.springframework.org/schema/data/jpa"
       xmlns:tx="http://www.springframework.org/schema/tx"
       xmlns:context="http://www.springframework.org/schema/context"
       xmlns:xsi="http://www.w3.org/2001/XMLSchema-instance"
       xsi:schemaLocation="http://www.springframework.org/schema/jdbc http://www.springframework.org/schema/jdbc/spring-jdbc-3.2.xsd
	http://www.springframework.org/schema/tx http://www.springframework.org/schema/tx/spring-tx-3.2.xsd  
	http://www.springframework.org/schema/data/jpa http://www.springframework.org/schema/data/jpa/spring-jpa.xsd 

	http://www.springframework.org/schema/beans http://www.springframework.org/schema/beans/spring-beans-3.2.xsd
    http://www.springframework.org/schema/context http://www.springframework.org/schema/context/spring-context-3.2.xsd">

	<jdbc:embedded-database id="dataSource" type="H2"/>

	<!-- <context:load-time-weaver/> -->

	<bean id="entityManagerFactory"
		class="org.springframework.orm.jpa.LocalContainerEntityManagerFactoryBean">
		<property name="dataSource" ref="dataSource" />
		<property name="packagesToScan" value="com.ht.scada.common.user.entity"/>
		<property name="jpaVendorAdapter">
			<bean class="org.springframework.orm.jpa.vendor.HibernateJpaVendorAdapter">
				<property name="showSql" value="true" />
				<property name="generateDdl" value="true" />
				<property name="database" value="H2" />
			</bean>
		</property>
		<property name="persistenceXmlLocation" value="classpath*:META-INF/test-persistence.xml"/>
		<property name="persistenceUnitName" value="primary" />
		<property name="jpaProperties">
			<props>
				<prop key="hibernate.hbm2ddl.auto">create</prop>
				<prop key="hibernate.show_sql">true</prop>
				<prop key="hibernate.format_sql">true</prop>
				<prop key="javax.persistence.validation.mode">none</prop>
			</props>
		</property>
	</bean>

	<context:annotation-config />
	<context:component-scan base-package="com.ht.scada.common.user.entity, com.ht.scada.common.user.service.impl" />

	<jpa:repositories base-package="com.ht.scada.common.user.dao" />

	<!-- 用于指定一些高级特性 -->
	<bean id="jpaDialect" class="org.springframework.orm.jpa.vendor.HibernateJpaDialect" />

	<!-- TX Manager -->
	<bean id="transactionManager" class="org.springframework.orm.jpa.JpaTransactionManager">
		<property name="entityManagerFactory" ref="entityManagerFactory" />
	</bean>
	<tx:annotation-driven transaction-manager="transactionManager" />
		
	<!-- Required for security annotations to work in this servlet -->
    <bean class="org.springframework.aop.framework.autoproxy.DefaultAdvisorAutoProxyCreator"/>
    <bean class="org.apache.shiro.spring.security.interceptor.AuthorizationAttributeSourceAdvisor"/>
    

	<!-- Shiro's main business-tier object for web-enabled applications -->
	<bean id="securityManager" class="org.apache.shiro.web.mgt.DefaultWebSecurityManager">
		<property name="realm" ref="shiroDbRealm" />
<!-- 		<property name="cacheManager" ref="shiroEhcacheManager" /> -->
	</bean>

	<!-- 項目自定义的Realm, 所有accountService依赖的dao都需要用depends-on声明 -->
	<bean id="shiroDbRealm" class="com.ht.scada.security.ShiroDbRealm" depends-on="userDao,userRoleDao">
		<property name="userService" ref="userService"/>
	</bean>

    <!-- Post processor that automatically invokes init() and destroy() methods -->
    <bean id="lifecycleBeanPostProcessor" class="org.apache.shiro.spring.LifecycleBeanPostProcessor"/>

</beans>
